c:\importante\opensource\bennu\bennuphoton rtm\bennuphoton\release\bennuphoton.lib
c:\importante\opensource\bennu\bennuphoton rtm\bennuphoton\release\bennuphoton.exp
c:\importante\opensource\bennu\bennuphoton rtm\bennuphoton\bennuphoton\release\vc140.pdb
c:\importante\opensource\bennu\bennuphoton rtm\bennuphoton\bennuphoton\release\coldevcompress.obj
c:\importante\opensource\bennu\bennuphoton rtm\bennuphoton\bennuphoton\release\stdafx.obj
c:\importante\opensource\bennu\bennuphoton rtm\bennuphoton\bennuphoton\release\typesupportapplication.obj
c:\importante\opensource\bennu\bennuphoton rtm\bennuphoton\bennuphoton\release\stdio_uilistener.obj
c:\importante\opensource\bennu\bennuphoton rtm\bennuphoton\bennuphoton\release\photon_lib.obj
c:\importante\opensource\bennu\bennuphoton rtm\bennuphoton\bennuphoton\release\listener.obj
c:\importante\opensource\bennu\bennuphoton rtm\bennuphoton\bennuphoton\release\coldevphoton.obj
c:\importante\opensource\bennu\bennuphoton rtm\bennuphoton\bennuphoton\release\bennuphoton.obj
c:\importante\opensource\bennu\bennuphoton rtm\bennuphoton\bennuphoton\release\dllmain.obj
c:\importante\opensource\bennu\bennuphoton rtm\bennuphoton\bennuphoton\release\zutil.obj
c:\importante\opensource\bennu\bennuphoton rtm\bennuphoton\bennuphoton\release\uncompr.obj
c:\importante\opensource\bennu\bennuphoton rtm\bennuphoton\bennuphoton\release\trees.obj
c:\importante\opensource\bennu\bennuphoton rtm\bennuphoton\bennuphoton\release\inftrees.obj
c:\importante\opensource\bennu\bennuphoton rtm\bennuphoton\bennuphoton\release\inflate.obj
c:\importante\opensource\bennu\bennuphoton rtm\bennuphoton\bennuphoton\release\inffast.obj
c:\importante\opensource\bennu\bennuphoton rtm\bennuphoton\bennuphoton\release\infback.obj
c:\importante\opensource\bennu\bennuphoton rtm\bennuphoton\bennuphoton\release\gzwrite.obj
c:\importante\opensource\bennu\bennuphoton rtm\bennuphoton\bennuphoton\release\gzread.obj
c:\importante\opensource\bennu\bennuphoton rtm\bennuphoton\bennuphoton\release\gzlib.obj
c:\importante\opensource\bennu\bennuphoton rtm\bennuphoton\bennuphoton\release\gzclose.obj
c:\importante\opensource\bennu\bennuphoton rtm\bennuphoton\bennuphoton\release\deflate.obj
c:\importante\opensource\bennu\bennuphoton rtm\bennuphoton\bennuphoton\release\crc32.obj
c:\importante\opensource\bennu\bennuphoton rtm\bennuphoton\bennuphoton\release\compress.obj
c:\importante\opensource\bennu\bennuphoton rtm\bennuphoton\bennuphoton\release\adler32.obj
c:\importante\opensource\bennu\bennuphoton rtm\bennuphoton\release\bennuphoton.dll
c:\importante\opensource\bennu\bennuphoton rtm\bennuphoton\release\bennuphoton.ipdb
c:\importante\opensource\bennu\bennuphoton rtm\bennuphoton\release\bennuphoton.iobj
c:\importante\opensource\bennu\bennuphoton rtm\bennuphoton\bennuphoton\release\bennuphoton.tlog\bennuphoton.write.1u.tlog
c:\importante\opensource\bennu\bennuphoton rtm\bennuphoton\bennuphoton\release\bennuphoton.tlog\cl.command.1.tlog
c:\importante\opensource\bennu\bennuphoton rtm\bennuphoton\bennuphoton\release\bennuphoton.tlog\cl.read.1.tlog
c:\importante\opensource\bennu\bennuphoton rtm\bennuphoton\bennuphoton\release\bennuphoton.tlog\cl.write.1.tlog
c:\importante\opensource\bennu\bennuphoton rtm\bennuphoton\bennuphoton\release\bennuphoton.tlog\link.command.1.tlog
c:\importante\opensource\bennu\bennuphoton rtm\bennuphoton\bennuphoton\release\bennuphoton.tlog\link.read.1.tlog
c:\importante\opensource\bennu\bennuphoton rtm\bennuphoton\bennuphoton\release\bennuphoton.tlog\link.write.1.tlog
